Analysis & Synthesis report for dff1911
Tue Jan 21 23:13:10 2020
Quartus Prime Version 19.1.0 Build 670 09/22/2019 SJ Lite Edition


---------------------
; Table of Contents ;
---------------------
  1. Legal Notice
  2. Analysis & Synthesis Summary
  3. Analysis & Synthesis Settings
  4. Parallel Compilation
  5. Analysis & Synthesis Source Files Read
  6. Analysis & Synthesis Resource Usage Summary
  7. Analysis & Synthesis Resource Utilization by Entity
  8. Registers Removed During Synthesis
  9. General Register Statistics
 10. Parameter Settings for User Entity Instance: clock_div:U_CLK
 11. Parameter Settings for User Entity Instance: updown_counter:U_CNT0
 12. Parameter Settings for User Entity Instance: updown_counter:U_CNT1
 13. Parameter Settings for User Entity Instance: updown_counter:U_CNT2
 14. Parameter Settings for User Entity Instance: updown_counter:U_CNT3
 15. Parameter Settings for User Entity Instance: updown_counter:U_CNT4
 16. Parameter Settings for User Entity Instance: updown_counter:U_CNT5
 17. Port Connectivity Checks: "updown_counter:U_CNT5"
 18. Port Connectivity Checks: "updown_counter:U_CNT4"
 19. Port Connectivity Checks: "updown_counter:U_CNT3"
 20. Port Connectivity Checks: "updown_counter:U_CNT2"
 21. Port Connectivity Checks: "updown_counter:U_CNT1"
 22. Port Connectivity Checks: "updown_counter:U_CNT0"
 23. Post-Synthesis Netlist Statistics for Top Partition
 24. Elapsed Time Per Partition
 25. Analysis & Synthesis Messages



----------------
; Legal Notice ;
----------------
Copyright (C) 2019  Intel Corporation. All rights reserved.
Your use of Intel Corporation's design tools, logic functions 
and other software and tools, and any partner logic 
functions, and any output files from any of the foregoing 
(including device programming or simulation files), and any 
associated documentation or information are expressly subject 
to the terms and conditions of the Intel Program License 
Subscription Agreement, the Intel Quartus Prime License Agreement,
the Intel FPGA IP License Agreement, or other applicable license
agreement, including, without limitation, that your use is for
the sole purpose of programming logic devices manufactured by
Intel and sold by Intel or its authorized distributors.  Please
refer to the applicable agreement for further details, at
https://fpgasoftware.intel.com/eula.



+----------------------------------------------------------------------------------+
; Analysis & Synthesis Summary                                                     ;
+------------------------------------+---------------------------------------------+
; Analysis & Synthesis Status        ; Successful - Tue Jan 21 23:13:10 2020       ;
; Quartus Prime Version              ; 19.1.0 Build 670 09/22/2019 SJ Lite Edition ;
; Revision Name                      ; dff1911                                     ;
; Top-level Entity Name              ; de10_lite_top                               ;
; Family                             ; MAX 10                                      ;
; Total logic elements               ; 85                                          ;
;     Total combinational functions  ; 85                                          ;
;     Dedicated logic registers      ; 40                                          ;
; Total registers                    ; 40                                          ;
; Total pins                         ; 185                                         ;
; Total virtual pins                 ; 0                                           ;
; Total memory bits                  ; 0                                           ;
; Embedded Multiplier 9-bit elements ; 0                                           ;
; Total PLLs                         ; 0                                           ;
; UFM blocks                         ; 0                                           ;
; ADC blocks                         ; 0                                           ;
+------------------------------------+---------------------------------------------+


+------------------------------------------------------------------------------------------------------------+
; Analysis & Synthesis Settings                                                                              ;
+------------------------------------------------------------------+--------------------+--------------------+
; Option                                                           ; Setting            ; Default Value      ;
+------------------------------------------------------------------+--------------------+--------------------+
; Device                                                           ; 10M50DAF484C6GES   ;                    ;
; Top-level entity name                                            ; de10_lite_top      ; dff1911            ;
; Family name                                                      ; MAX 10             ; Cyclone V          ;
; VHDL Show LMF Mapping Messages                                   ; Off                ;                    ;
; VHDL Version                                                     ; VHDL_2008          ; VHDL_1993          ;
; Use smart compilation                                            ; Off                ; Off                ;
; Enable parallel Assembler and Timing Analyzer during compilation ; On                 ; On                 ;
; Enable compact report table                                      ; Off                ; Off                ;
; Restructure Multiplexers                                         ; Auto               ; Auto               ;
; Create Debugging Nodes for IP Cores                              ; Off                ; Off                ;
; Preserve fewer node names                                        ; On                 ; On                 ;
; Intel FPGA IP Evaluation Mode                                    ; Enable             ; Enable             ;
; Verilog Version                                                  ; Verilog_2001       ; Verilog_2001       ;
; State Machine Processing                                         ; Auto               ; Auto               ;
; Safe State Machine                                               ; Off                ; Off                ;
; Extract Verilog State Machines                                   ; On                 ; On                 ;
; Extract VHDL State Machines                                      ; On                 ; On                 ;
; Ignore Verilog initial constructs                                ; Off                ; Off                ;
; Iteration limit for constant Verilog loops                       ; 5000               ; 5000               ;
; Iteration limit for non-constant Verilog loops                   ; 250                ; 250                ;
; Add Pass-Through Logic to Inferred RAMs                          ; On                 ; On                 ;
; Infer RAMs from Raw Logic                                        ; On                 ; On                 ;
; Parallel Synthesis                                               ; On                 ; On                 ;
; DSP Block Balancing                                              ; Auto               ; Auto               ;
; NOT Gate Push-Back                                               ; On                 ; On                 ;
; Power-Up Don't Care                                              ; On                 ; On                 ;
; Remove Redundant Logic Cells                                     ; Off                ; Off                ;
; Remove Duplicate Registers                                       ; On                 ; On                 ;
; Ignore CARRY Buffers                                             ; Off                ; Off                ;
; Ignore CASCADE Buffers                                           ; Off                ; Off                ;
; Ignore GLOBAL Buffers                                            ; Off                ; Off                ;
; Ignore ROW GLOBAL Buffers                                        ; Off                ; Off                ;
; Ignore LCELL Buffers                                             ; Off                ; Off                ;
; Ignore SOFT Buffers                                              ; On                 ; On                 ;
; Limit AHDL Integers to 32 Bits                                   ; Off                ; Off                ;
; Optimization Technique                                           ; Balanced           ; Balanced           ;
; Carry Chain Length                                               ; 70                 ; 70                 ;
; Auto Carry Chains                                                ; On                 ; On                 ;
; Auto Open-Drain Pins                                             ; On                 ; On                 ;
; Perform WYSIWYG Primitive Resynthesis                            ; Off                ; Off                ;
; Auto ROM Replacement                                             ; On                 ; On                 ;
; Auto RAM Replacement                                             ; On                 ; On                 ;
; Auto DSP Block Replacement                                       ; On                 ; On                 ;
; Auto Shift Register Replacement                                  ; Auto               ; Auto               ;
; Allow Shift Register Merging across Hierarchies                  ; Auto               ; Auto               ;
; Auto Clock Enable Replacement                                    ; On                 ; On                 ;
; Strict RAM Replacement                                           ; Off                ; Off                ;
; Allow Synchronous Control Signals                                ; On                 ; On                 ;
; Force Use of Synchronous Clear Signals                           ; Off                ; Off                ;
; Auto RAM Block Balancing                                         ; On                 ; On                 ;
; Auto RAM to Logic Cell Conversion                                ; Off                ; Off                ;
; Auto Resource Sharing                                            ; Off                ; Off                ;
; Allow Any RAM Size For Recognition                               ; Off                ; Off                ;
; Allow Any ROM Size For Recognition                               ; Off                ; Off                ;
; Allow Any Shift Register Size For Recognition                    ; Off                ; Off                ;
; Use LogicLock Constraints during Resource Balancing              ; On                 ; On                 ;
; Ignore translate_off and synthesis_off directives                ; Off                ; Off                ;
; Timing-Driven Synthesis                                          ; On                 ; On                 ;
; Report Parameter Settings                                        ; On                 ; On                 ;
; Report Source Assignments                                        ; On                 ; On                 ;
; Report Connectivity Checks                                       ; On                 ; On                 ;
; Ignore Maximum Fan-Out Assignments                               ; Off                ; Off                ;
; Synchronization Register Chain Length                            ; 2                  ; 2                  ;
; Power Optimization During Synthesis                              ; Normal compilation ; Normal compilation ;
; HDL message level                                                ; Level2             ; Level2             ;
; Suppress Register Optimization Related Messages                  ; Off                ; Off                ;
; Number of Removed Registers Reported in Synthesis Report         ; 5000               ; 5000               ;
; Number of Swept Nodes Reported in Synthesis Report               ; 5000               ; 5000               ;
; Number of Inverted Registers Reported in Synthesis Report        ; 100                ; 100                ;
; Clock MUX Protection                                             ; On                 ; On                 ;
; Auto Gated Clock Conversion                                      ; Off                ; Off                ;
; Block Design Naming                                              ; Auto               ; Auto               ;
; SDC constraint protection                                        ; Off                ; Off                ;
; Synthesis Effort                                                 ; Auto               ; Auto               ;
; Shift Register Replacement - Allow Asynchronous Clear Signal     ; On                 ; On                 ;
; Pre-Mapping Resynthesis Optimization                             ; Off                ; Off                ;
; Analysis & Synthesis Message Level                               ; Medium             ; Medium             ;
; Disable Register Merging Across Hierarchies                      ; Auto               ; Auto               ;
; Resource Aware Inference For Block RAM                           ; On                 ; On                 ;
+------------------------------------------------------------------+--------------------+--------------------+


+------------------------------------------+
; Parallel Compilation                     ;
+----------------------------+-------------+
; Processors                 ; Number      ;
+----------------------------+-------------+
; Number detected on machine ; 4           ;
; Maximum allowed            ; 2           ;
;                            ;             ;
; Average used               ; 1.00        ;
; Maximum used               ; 2           ;
;                            ;             ;
; Usage by Processor         ; % Time Used ;
;     Processor 1            ; 100.0%      ;
;     Processor 2            ;   0.0%      ;
+----------------------------+-------------+


+---------------------------------------------------------------------------------------------------------------------------------------------+
; Analysis & Synthesis Source Files Read                                                                                                      ;
+----------------------------------+-----------------+-----------------+------------------------------------------------------------+---------+
; File Name with User-Entered Path ; Used in Netlist ; File Type       ; File Name with Absolute Path                               ; Library ;
+----------------------------------+-----------------+-----------------+------------------------------------------------------------+---------+
; testbench_utils.vhd              ; yes             ; User VHDL File  ; /home/lan/dev/fpga/de10/ce1911/dff1911/testbench_utils.vhd ;         ;
; updown_counter.vhd               ; yes             ; User VHDL File  ; /home/lan/dev/fpga/de10/ce1911/dff1911/updown_counter.vhd  ;         ;
; custom_types.vhd                 ; yes             ; User VHDL File  ; /home/lan/dev/fpga/de10/ce1911/dff1911/custom_types.vhd    ;         ;
; seg7.vhd                         ; yes             ; User VHDL File  ; /home/lan/dev/fpga/de10/ce1911/dff1911/seg7.vhd            ;         ;
; de10_lite_top.vhd                ; yes             ; User VHDL File  ; /home/lan/dev/fpga/de10/ce1911/dff1911/de10_lite_top.vhd   ;         ;
; clock_div.vhd                    ; yes             ; User VHDL File  ; /home/lan/dev/fpga/de10/ce1911/dff1911/clock_div.vhd       ;         ;
+----------------------------------+-----------------+-----------------+------------------------------------------------------------+---------+


+-------------------------------------------------------------------+
; Analysis & Synthesis Resource Usage Summary                       ;
+---------------------------------------------+---------------------+
; Resource                                    ; Usage               ;
+---------------------------------------------+---------------------+
; Estimated Total logic elements              ; 85                  ;
;                                             ;                     ;
; Total combinational functions               ; 85                  ;
; Logic element usage by number of LUT inputs ;                     ;
;     -- 4 input functions                    ; 30                  ;
;     -- 3 input functions                    ; 19                  ;
;     -- <=2 input functions                  ; 36                  ;
;                                             ;                     ;
; Logic elements by mode                      ;                     ;
;     -- normal mode                          ; 54                  ;
;     -- arithmetic mode                      ; 31                  ;
;                                             ;                     ;
; Total registers                             ; 40                  ;
;     -- Dedicated logic registers            ; 40                  ;
;     -- I/O registers                        ; 0                   ;
;                                             ;                     ;
; I/O pins                                    ; 185                 ;
;                                             ;                     ;
; Embedded Multiplier 9-bit elements          ; 0                   ;
;                                             ;                     ;
; Maximum fan-out node                        ; MAX10_CLK1_50~input ;
; Maximum fan-out                             ; 33                  ;
; Total fan-out                               ; 625                 ;
; Average fan-out                             ; 1.10                ;
+---------------------------------------------+---------------------+


+--------------------------------------------------------------------------------------------------------------------------------------------------------------------------------------------------------------------------------------------------------+
; Analysis & Synthesis Resource Utilization by Entity                                                                                                                                                                                                    ;
+----------------------------+---------------------+---------------------------+-------------+------------+--------------+---------+-----------+------+--------------+------------+--------------------------------------+----------------+--------------+
; Compilation Hierarchy Node ; Combinational ALUTs ; Dedicated Logic Registers ; Memory Bits ; UFM Blocks ; DSP Elements ; DSP 9x9 ; DSP 18x18 ; Pins ; Virtual Pins ; ADC blocks ; Full Hierarchy Name                  ; Entity Name    ; Library Name ;
+----------------------------+---------------------+---------------------------+-------------+------------+--------------+---------+-----------+------+--------------+------------+--------------------------------------+----------------+--------------+
; |de10_lite_top             ; 85 (0)              ; 40 (0)                    ; 0           ; 0          ; 0            ; 0       ; 0         ; 185  ; 0            ; 0          ; |de10_lite_top                       ; de10_lite_top  ; work         ;
;    |clock_div:U_CLK|       ; 64 (64)             ; 33 (33)                   ; 0           ; 0          ; 0            ; 0       ; 0         ; 0    ; 0            ; 0          ; |de10_lite_top|clock_div:U_CLK       ; clock_div      ; work         ;
;    |seg7:U_SEG0|           ; 7 (7)               ; 0 (0)                     ; 0           ; 0          ; 0            ; 0       ; 0         ; 0    ; 0            ; 0          ; |de10_lite_top|seg7:U_SEG0           ; seg7           ; work         ;
;    |seg7:U_SEG1|           ; 7 (7)               ; 0 (0)                     ; 0           ; 0          ; 0            ; 0       ; 0         ; 0    ; 0            ; 0          ; |de10_lite_top|seg7:U_SEG1           ; seg7           ; work         ;
;    |updown_counter:U_CNT0| ; 3 (3)               ; 4 (4)                     ; 0           ; 0          ; 0            ; 0       ; 0         ; 0    ; 0            ; 0          ; |de10_lite_top|updown_counter:U_CNT0 ; updown_counter ; work         ;
;    |updown_counter:U_CNT1| ; 1 (1)               ; 3 (3)                     ; 0           ; 0          ; 0            ; 0       ; 0         ; 0    ; 0            ; 0          ; |de10_lite_top|updown_counter:U_CNT1 ; updown_counter ; work         ;
;    |updown_counter:U_CNT2| ; 1 (1)               ; 0 (0)                     ; 0           ; 0          ; 0            ; 0       ; 0         ; 0    ; 0            ; 0          ; |de10_lite_top|updown_counter:U_CNT2 ; updown_counter ; work         ;
;    |updown_counter:U_CNT4| ; 2 (2)               ; 0 (0)                     ; 0           ; 0          ; 0            ; 0       ; 0         ; 0    ; 0            ; 0          ; |de10_lite_top|updown_counter:U_CNT4 ; updown_counter ; work         ;
+----------------------------+---------------------+---------------------------+-------------+------------+--------------+---------+-----------+------+--------------+------------+--------------------------------------+----------------+--------------+
Note: For table entries with two numbers listed, the numbers in parentheses indicate the number of resources of the given type used by the specific entity alone. The numbers listed outside of parentheses indicate the total resources of the given type used by the specific entity and all of its sub-entities in the hierarchy.


+---------------------------------------------------------------------------------------------------+
; Registers Removed During Synthesis                                                                ;
+-------------------------------------------+-------------------------------------------------------+
; Register name                             ; Reason for Removal                                    ;
+-------------------------------------------+-------------------------------------------------------+
; updown_counter:U_CNT5|\count:counter_v[0] ; Merged with updown_counter:U_CNT0|\count:counter_v[0] ;
; updown_counter:U_CNT1|\count:counter_v[0] ; Merged with updown_counter:U_CNT0|\count:counter_v[0] ;
; updown_counter:U_CNT4|\count:counter_v[0] ; Merged with updown_counter:U_CNT0|\count:counter_v[0] ;
; updown_counter:U_CNT2|\count:counter_v[0] ; Merged with updown_counter:U_CNT0|\count:counter_v[0] ;
; updown_counter:U_CNT3|\count:counter_v[0] ; Merged with updown_counter:U_CNT0|\count:counter_v[0] ;
; updown_counter:U_CNT3|\count:counter_v[1] ; Merged with updown_counter:U_CNT0|\count:counter_v[1] ;
; updown_counter:U_CNT5|\count:counter_v[1] ; Merged with updown_counter:U_CNT0|\count:counter_v[1] ;
; updown_counter:U_CNT2|\count:counter_v[1] ; Merged with updown_counter:U_CNT0|\count:counter_v[1] ;
; updown_counter:U_CNT4|\count:counter_v[1] ; Merged with updown_counter:U_CNT1|\count:counter_v[1] ;
; updown_counter:U_CNT2|\count:counter_v[2] ; Merged with updown_counter:U_CNT0|\count:counter_v[2] ;
; updown_counter:U_CNT3|\count:counter_v[2] ; Merged with updown_counter:U_CNT0|\count:counter_v[2] ;
; updown_counter:U_CNT5|\count:counter_v[2] ; Merged with updown_counter:U_CNT0|\count:counter_v[2] ;
; updown_counter:U_CNT4|\count:counter_v[2] ; Merged with updown_counter:U_CNT1|\count:counter_v[2] ;
; updown_counter:U_CNT3|\count:counter_v[3] ; Merged with updown_counter:U_CNT0|\count:counter_v[3] ;
; updown_counter:U_CNT2|\count:counter_v[3] ; Merged with updown_counter:U_CNT0|\count:counter_v[3] ;
; updown_counter:U_CNT5|\count:counter_v[3] ; Merged with updown_counter:U_CNT0|\count:counter_v[3] ;
; updown_counter:U_CNT4|\count:counter_v[3] ; Merged with updown_counter:U_CNT1|\count:counter_v[3] ;
; Total Number of Removed Registers = 17    ;                                                       ;
+-------------------------------------------+-------------------------------------------------------+


+------------------------------------------------------+
; General Register Statistics                          ;
+----------------------------------------------+-------+
; Statistic                                    ; Value ;
+----------------------------------------------+-------+
; Total registers                              ; 40    ;
; Number of registers using Synchronous Clear  ; 0     ;
; Number of registers using Synchronous Load   ; 0     ;
; Number of registers using Asynchronous Clear ; 0     ;
; Number of registers using Asynchronous Load  ; 0     ;
; Number of registers using Clock Enable       ; 0     ;
; Number of registers using Preset             ; 0     ;
+----------------------------------------------+-------+


+--------------------------------------------------------------+
; Parameter Settings for User Entity Instance: clock_div:U_CLK ;
+----------------+----------+----------------------------------+
; Parameter Name ; Value    ; Type                             ;
+----------------+----------+----------------------------------+
; fclk_in        ; 50000000 ; Signed Integer                   ;
; fclk_out       ; 4        ; Signed Integer                   ;
+----------------+----------+----------------------------------+
Note: In order to hide this table in the UI and the text report file, please set the "Show Parameter Settings in Synthesis Report" option in "Analysis and Synthesis Settings -> More Settings" to "Off".


+--------------------------------------------------------------------+
; Parameter Settings for User Entity Instance: updown_counter:U_CNT0 ;
+----------------+-------+-------------------------------------------+
; Parameter Name ; Value ; Type                                      ;
+----------------+-------+-------------------------------------------+
; w              ; 4     ; Signed Integer                            ;
+----------------+-------+-------------------------------------------+
Note: In order to hide this table in the UI and the text report file, please set the "Show Parameter Settings in Synthesis Report" option in "Analysis and Synthesis Settings -> More Settings" to "Off".


+--------------------------------------------------------------------+
; Parameter Settings for User Entity Instance: updown_counter:U_CNT1 ;
+----------------+-------+-------------------------------------------+
; Parameter Name ; Value ; Type                                      ;
+----------------+-------+-------------------------------------------+
; w              ; 4     ; Signed Integer                            ;
+----------------+-------+-------------------------------------------+
Note: In order to hide this table in the UI and the text report file, please set the "Show Parameter Settings in Synthesis Report" option in "Analysis and Synthesis Settings -> More Settings" to "Off".


+--------------------------------------------------------------------+
; Parameter Settings for User Entity Instance: updown_counter:U_CNT2 ;
+----------------+-------+-------------------------------------------+
; Parameter Name ; Value ; Type                                      ;
+----------------+-------+-------------------------------------------+
; w              ; 4     ; Signed Integer                            ;
+----------------+-------+-------------------------------------------+
Note: In order to hide this table in the UI and the text report file, please set the "Show Parameter Settings in Synthesis Report" option in "Analysis and Synthesis Settings -> More Settings" to "Off".


+--------------------------------------------------------------------+
; Parameter Settings for User Entity Instance: updown_counter:U_CNT3 ;
+----------------+-------+-------------------------------------------+
; Parameter Name ; Value ; Type                                      ;
+----------------+-------+-------------------------------------------+
; w              ; 4     ; Signed Integer                            ;
+----------------+-------+-------------------------------------------+
Note: In order to hide this table in the UI and the text report file, please set the "Show Parameter Settings in Synthesis Report" option in "Analysis and Synthesis Settings -> More Settings" to "Off".


+--------------------------------------------------------------------+
; Parameter Settings for User Entity Instance: updown_counter:U_CNT4 ;
+----------------+-------+-------------------------------------------+
; Parameter Name ; Value ; Type                                      ;
+----------------+-------+-------------------------------------------+
; w              ; 4     ; Signed Integer                            ;
+----------------+-------+-------------------------------------------+
Note: In order to hide this table in the UI and the text report file, please set the "Show Parameter Settings in Synthesis Report" option in "Analysis and Synthesis Settings -> More Settings" to "Off".


+--------------------------------------------------------------------+
; Parameter Settings for User Entity Instance: updown_counter:U_CNT5 ;
+----------------+-------+-------------------------------------------+
; Parameter Name ; Value ; Type                                      ;
+----------------+-------+-------------------------------------------+
; w              ; 4     ; Signed Integer                            ;
+----------------+-------+-------------------------------------------+
Note: In order to hide this table in the UI and the text report file, please set the "Show Parameter Settings in Synthesis Report" option in "Analysis and Synthesis Settings -> More Settings" to "Off".


+---------------------------------------------------+
; Port Connectivity Checks: "updown_counter:U_CNT5" ;
+----------+-------+----------+---------------------+
; Port     ; Type  ; Severity ; Details             ;
+----------+-------+----------+---------------------+
; reset_n  ; Input ; Info     ; Stuck at VCC        ;
; enable   ; Input ; Info     ; Stuck at VCC        ;
; up       ; Input ; Info     ; Stuck at VCC        ;
; saturate ; Input ; Info     ; Stuck at GND        ;
+----------+-------+----------+---------------------+


+---------------------------------------------------+
; Port Connectivity Checks: "updown_counter:U_CNT4" ;
+----------+-------+----------+---------------------+
; Port     ; Type  ; Severity ; Details             ;
+----------+-------+----------+---------------------+
; reset_n  ; Input ; Info     ; Stuck at VCC        ;
; enable   ; Input ; Info     ; Stuck at VCC        ;
; up       ; Input ; Info     ; Stuck at GND        ;
; saturate ; Input ; Info     ; Stuck at GND        ;
+----------+-------+----------+---------------------+


+---------------------------------------------------+
; Port Connectivity Checks: "updown_counter:U_CNT3" ;
+----------+-------+----------+---------------------+
; Port     ; Type  ; Severity ; Details             ;
+----------+-------+----------+---------------------+
; reset_n  ; Input ; Info     ; Stuck at VCC        ;
; enable   ; Input ; Info     ; Stuck at VCC        ;
; up       ; Input ; Info     ; Stuck at VCC        ;
; saturate ; Input ; Info     ; Stuck at GND        ;
+----------+-------+----------+---------------------+


+---------------------------------------------------+
; Port Connectivity Checks: "updown_counter:U_CNT2" ;
+----------+-------+----------+---------------------+
; Port     ; Type  ; Severity ; Details             ;
+----------+-------+----------+---------------------+
; reset_n  ; Input ; Info     ; Stuck at VCC        ;
; enable   ; Input ; Info     ; Stuck at VCC        ;
; up       ; Input ; Info     ; Stuck at VCC        ;
; saturate ; Input ; Info     ; Stuck at GND        ;
+----------+-------+----------+---------------------+


+---------------------------------------------------+
; Port Connectivity Checks: "updown_counter:U_CNT1" ;
+----------+-------+----------+---------------------+
; Port     ; Type  ; Severity ; Details             ;
+----------+-------+----------+---------------------+
; reset_n  ; Input ; Info     ; Stuck at VCC        ;
; enable   ; Input ; Info     ; Stuck at VCC        ;
; up       ; Input ; Info     ; Stuck at GND        ;
; saturate ; Input ; Info     ; Stuck at GND        ;
+----------+-------+----------+---------------------+


+---------------------------------------------------+
; Port Connectivity Checks: "updown_counter:U_CNT0" ;
+----------+-------+----------+---------------------+
; Port     ; Type  ; Severity ; Details             ;
+----------+-------+----------+---------------------+
; reset_n  ; Input ; Info     ; Stuck at VCC        ;
; enable   ; Input ; Info     ; Stuck at VCC        ;
; up       ; Input ; Info     ; Stuck at VCC        ;
; saturate ; Input ; Info     ; Stuck at GND        ;
+----------+-------+----------+---------------------+


+-----------------------------------------------------+
; Post-Synthesis Netlist Statistics for Top Partition ;
+-----------------------+-----------------------------+
; Type                  ; Count                       ;
+-----------------------+-----------------------------+
; boundary_port         ; 185                         ;
; cycloneiii_ff         ; 40                          ;
;     plain             ; 40                          ;
; cycloneiii_io_obuf    ; 71                          ;
; cycloneiii_lcell_comb ; 89                          ;
;     arith             ; 31                          ;
;         2 data inputs ; 31                          ;
;     normal            ; 58                          ;
;         0 data inputs ; 2                           ;
;         1 data inputs ; 4                           ;
;         2 data inputs ; 3                           ;
;         3 data inputs ; 19                          ;
;         4 data inputs ; 30                          ;
;                       ;                             ;
; Max LUT depth         ; 9.40                        ;
; Average LUT depth     ; 4.57                        ;
+-----------------------+-----------------------------+


+-------------------------------+
; Elapsed Time Per Partition    ;
+----------------+--------------+
; Partition Name ; Elapsed Time ;
+----------------+--------------+
; Top            ; 00:00:00     ;
+----------------+--------------+


+-------------------------------+
; Analysis & Synthesis Messages ;
+-------------------------------+
Info: *******************************************************************
Info: Running Quartus Prime Analysis & Synthesis
    Info: Version 19.1.0 Build 670 09/22/2019 SJ Lite Edition
    Info: Processing started: Tue Jan 21 23:12:58 2020
Info: Command: quartus_map --read_settings_files=on --write_settings_files=off dff1911 -c dff1911
Warning (18236): Number of processors has not been specified which may cause overloading on shared machines.  Set the global assignment NUM_PARALLEL_PROCESSORS in your QSF to an appropriate value for best performance.
Info (20030): Parallel compilation is enabled and will use 2 of the 2 processors detected
Info (12021): Found 4 design units, including 2 entities, in source file busmux_t.vhd
    Info (12022): Found design unit 1: busmux_t-dataflow File: /home/lan/dev/fpga/de10/ce1911/dff1911/busmux_t.vhd Line: 16
    Info (12022): Found design unit 2: busmux_t_tb-tb File: /home/lan/dev/fpga/de10/ce1911/dff1911/busmux_t.vhd Line: 32
    Info (12023): Found entity 1: busmux_t File: /home/lan/dev/fpga/de10/ce1911/dff1911/busmux_t.vhd Line: 7
    Info (12023): Found entity 2: busmux_t_tb File: /home/lan/dev/fpga/de10/ce1911/dff1911/busmux_t.vhd Line: 30
Info (12021): Found 4 design units, including 2 entities, in source file decoder.vhd
    Info (12022): Found design unit 1: decoder-structural File: /home/lan/dev/fpga/de10/ce1911/dff1911/decoder.vhd Line: 14
    Info (12022): Found design unit 2: decoder_tb-tb File: /home/lan/dev/fpga/de10/ce1911/dff1911/decoder.vhd Line: 36
    Info (12023): Found entity 1: decoder File: /home/lan/dev/fpga/de10/ce1911/dff1911/decoder.vhd Line: 5
    Info (12023): Found entity 2: decoder_tb File: /home/lan/dev/fpga/de10/ce1911/dff1911/decoder.vhd Line: 34
Info (12021): Found 4 design units, including 2 entities, in source file regfile.vhd
    Info (12022): Found design unit 1: regfile-behavioral File: /home/lan/dev/fpga/de10/ce1911/dff1911/regfile.vhd Line: 21
    Info (12022): Found design unit 2: regfile_tb-tb File: /home/lan/dev/fpga/de10/ce1911/dff1911/regfile.vhd Line: 83
    Info (12023): Found entity 1: regfile File: /home/lan/dev/fpga/de10/ce1911/dff1911/regfile.vhd Line: 6
    Info (12023): Found entity 2: regfile_tb File: /home/lan/dev/fpga/de10/ce1911/dff1911/regfile.vhd Line: 81
Info (12021): Found 2 design units, including 1 entities, in source file sr.vhd
    Info (12022): Found design unit 1: sr-bdf_type File: /home/lan/dev/fpga/de10/ce1911/dff1911/sr.vhd Line: 35
    Info (12023): Found entity 1: sr File: /home/lan/dev/fpga/de10/ce1911/dff1911/sr.vhd Line: 25
Info (12021): Found 1 design units, including 1 entities, in source file DE10_LITE_Golden_Top.v
    Info (12023): Found entity 1: DE10_LITE_Golden_Top File: /home/lan/dev/fpga/de10/ce1911/dff1911/DE10_LITE_Golden_Top.v Line: 29
Info (12021): Found 4 design units, including 2 entities, in source file sr_latch.vhd
    Info (12022): Found design unit 1: sr_latch-dataflow File: /home/lan/dev/fpga/de10/ce1911/dff1911/sr_latch.vhd Line: 13
    Info (12022): Found design unit 2: sr_latch_tb-testbench File: /home/lan/dev/fpga/de10/ce1911/dff1911/sr_latch.vhd Line: 30
    Info (12023): Found entity 1: sr_latch File: /home/lan/dev/fpga/de10/ce1911/dff1911/sr_latch.vhd Line: 4
    Info (12023): Found entity 2: sr_latch_tb File: /home/lan/dev/fpga/de10/ce1911/dff1911/sr_latch.vhd Line: 28
Info (12021): Found 4 design units, including 2 entities, in source file dlatch1911.vhd
    Info (12022): Found design unit 1: dlatch1911-dataflow File: /home/lan/dev/fpga/de10/ce1911/dff1911/dlatch1911.vhd Line: 13
    Info (12022): Found design unit 2: dlatch1911_tb-testbench File: /home/lan/dev/fpga/de10/ce1911/dff1911/dlatch1911.vhd Line: 37
    Info (12023): Found entity 1: dlatch1911 File: /home/lan/dev/fpga/de10/ce1911/dff1911/dlatch1911.vhd Line: 4
    Info (12023): Found entity 2: dlatch1911_tb File: /home/lan/dev/fpga/de10/ce1911/dff1911/dlatch1911.vhd Line: 35
Info (12021): Found 2 design units, including 0 entities, in source file testbench_utils.vhd
    Info (12022): Found design unit 1: testbench_utils File: /home/lan/dev/fpga/de10/ce1911/dff1911/testbench_utils.vhd Line: 5
    Info (12022): Found design unit 2: testbench_utils-body File: /home/lan/dev/fpga/de10/ce1911/dff1911/testbench_utils.vhd Line: 26
Info (12021): Found 4 design units, including 2 entities, in source file dff1911.vhd
    Info (12022): Found design unit 1: dff1911-dataflow File: /home/lan/dev/fpga/de10/ce1911/dff1911/dff1911.vhd Line: 15
    Info (12022): Found design unit 2: dff1911_tb-tb File: /home/lan/dev/fpga/de10/ce1911/dff1911/dff1911.vhd Line: 42
    Info (12023): Found entity 1: dff1911 File: /home/lan/dev/fpga/de10/ce1911/dff1911/dff1911.vhd Line: 4
    Info (12023): Found entity 2: dff1911_tb File: /home/lan/dev/fpga/de10/ce1911/dff1911/dff1911.vhd Line: 40
Info (12021): Found 4 design units, including 2 entities, in source file reg.vhd
    Info (12022): Found design unit 1: reg-dataflow File: /home/lan/dev/fpga/de10/ce1911/dff1911/reg.vhd Line: 15
    Info (12022): Found design unit 2: reg_tb-tb File: /home/lan/dev/fpga/de10/ce1911/dff1911/reg.vhd Line: 40
    Info (12023): Found entity 1: reg File: /home/lan/dev/fpga/de10/ce1911/dff1911/reg.vhd Line: 4
    Info (12023): Found entity 2: reg_tb File: /home/lan/dev/fpga/de10/ce1911/dff1911/reg.vhd Line: 38
Info (12021): Found 4 design units, including 2 entities, in source file updown_counter.vhd
    Info (12022): Found design unit 1: updown_counter-sequential File: /home/lan/dev/fpga/de10/ce1911/dff1911/updown_counter.vhd Line: 17
    Info (12022): Found design unit 2: updown_counter_tb-tb File: /home/lan/dev/fpga/de10/ce1911/dff1911/updown_counter.vhd Line: 43
    Info (12023): Found entity 1: updown_counter File: /home/lan/dev/fpga/de10/ce1911/dff1911/updown_counter.vhd Line: 5
    Info (12023): Found entity 2: updown_counter_tb File: /home/lan/dev/fpga/de10/ce1911/dff1911/updown_counter.vhd Line: 41
Info (12021): Found 2 design units, including 0 entities, in source file custom_types.vhd
    Info (12022): Found design unit 1: custom_types File: /home/lan/dev/fpga/de10/ce1911/dff1911/custom_types.vhd Line: 5
    Info (12022): Found design unit 2: custom_types-body File: /home/lan/dev/fpga/de10/ce1911/dff1911/custom_types.vhd Line: 10
Info (12021): Found 2 design units, including 1 entities, in source file seg7.vhd
    Info (12022): Found design unit 1: seg7-structural File: /home/lan/dev/fpga/de10/ce1911/dff1911/seg7.vhd Line: 12
    Info (12023): Found entity 1: seg7 File: /home/lan/dev/fpga/de10/ce1911/dff1911/seg7.vhd Line: 5
Info (12021): Found 2 design units, including 1 entities, in source file de10_lite_top.vhd
    Info (12022): Found design unit 1: de10_lite_top-top File: /home/lan/dev/fpga/de10/ce1911/dff1911/de10_lite_top.vhd Line: 49
    Info (12023): Found entity 1: de10_lite_top File: /home/lan/dev/fpga/de10/ce1911/dff1911/de10_lite_top.vhd Line: 6
Info (12021): Found 4 design units, including 2 entities, in source file clock_div.vhd
    Info (12022): Found design unit 1: clock_div-behavioral File: /home/lan/dev/fpga/de10/ce1911/dff1911/clock_div.vhd Line: 14
    Info (12022): Found design unit 2: clock_div_tb-tb File: /home/lan/dev/fpga/de10/ce1911/dff1911/clock_div.vhd Line: 42
    Info (12023): Found entity 1: clock_div File: /home/lan/dev/fpga/de10/ce1911/dff1911/clock_div.vhd Line: 5
    Info (12023): Found entity 2: clock_div_tb File: /home/lan/dev/fpga/de10/ce1911/dff1911/clock_div.vhd Line: 40
Info (12127): Elaborating entity "de10_lite_top" for the top level hierarchy
Info (12128): Elaborating entity "clock_div" for hierarchy "clock_div:U_CLK" File: /home/lan/dev/fpga/de10/ce1911/dff1911/de10_lite_top.vhd Line: 81
Info (12128): Elaborating entity "updown_counter" for hierarchy "updown_counter:U_CNT0" File: /home/lan/dev/fpga/de10/ce1911/dff1911/de10_lite_top.vhd Line: 82
Warning (10492): VHDL Process Statement warning at updown_counter.vhd(24): signal "enable" is read inside the Process Statement but isn't in the Process Statement's sensitivity list File: /home/lan/dev/fpga/de10/ce1911/dff1911/updown_counter.vhd Line: 24
Info (12128): Elaborating entity "seg7" for hierarchy "seg7:U_SEG0" File: /home/lan/dev/fpga/de10/ce1911/dff1911/de10_lite_top.vhd Line: 88
Warning (13032): The following tri-state nodes are fed by constants
    Warning (13033): The pin "GSENSOR_SDI" is fed by GND File: /home/lan/dev/fpga/de10/ce1911/dff1911/de10_lite_top.vhd Line: 38
    Warning (13033): The pin "GSENSOR_SDO" is fed by GND File: /home/lan/dev/fpga/de10/ce1911/dff1911/de10_lite_top.vhd Line: 39
    Warning (13033): The pin "ARDUINO_IO[0]" is fed by GND File: /home/lan/dev/fpga/de10/ce1911/dff1911/de10_lite_top.vhd Line: 41
    Warning (13033): The pin "ARDUINO_IO[1]" is fed by GND File: /home/lan/dev/fpga/de10/ce1911/dff1911/de10_lite_top.vhd Line: 41
    Warning (13033): The pin "ARDUINO_IO[2]" is fed by GND File: /home/lan/dev/fpga/de10/ce1911/dff1911/de10_lite_top.vhd Line: 41
    Warning (13033): The pin "ARDUINO_IO[3]" is fed by GND File: /home/lan/dev/fpga/de10/ce1911/dff1911/de10_lite_top.vhd Line: 41
    Warning (13033): The pin "ARDUINO_IO[4]" is fed by GND File: /home/lan/dev/fpga/de10/ce1911/dff1911/de10_lite_top.vhd Line: 41
    Warning (13033): The pin "ARDUINO_IO[5]" is fed by GND File: /home/lan/dev/fpga/de10/ce1911/dff1911/de10_lite_top.vhd Line: 41
    Warning (13033): The pin "ARDUINO_IO[6]" is fed by GND File: /home/lan/dev/fpga/de10/ce1911/dff1911/de10_lite_top.vhd Line: 41
    Warning (13033): The pin "ARDUINO_IO[7]" is fed by GND File: /home/lan/dev/fpga/de10/ce1911/dff1911/de10_lite_top.vhd Line: 41
    Warning (13033): The pin "ARDUINO_IO[8]" is fed by GND File: /home/lan/dev/fpga/de10/ce1911/dff1911/de10_lite_top.vhd Line: 41
    Warning (13033): The pin "ARDUINO_IO[9]" is fed by GND File: /home/lan/dev/fpga/de10/ce1911/dff1911/de10_lite_top.vhd Line: 41
    Warning (13033): The pin "ARDUINO_IO[10]" is fed by GND File: /home/lan/dev/fpga/de10/ce1911/dff1911/de10_lite_top.vhd Line: 41
    Warning (13033): The pin "ARDUINO_IO[11]" is fed by GND File: /home/lan/dev/fpga/de10/ce1911/dff1911/de10_lite_top.vhd Line: 41
    Warning (13033): The pin "ARDUINO_IO[12]" is fed by GND File: /home/lan/dev/fpga/de10/ce1911/dff1911/de10_lite_top.vhd Line: 41
    Warning (13033): The pin "ARDUINO_IO[13]" is fed by GND File: /home/lan/dev/fpga/de10/ce1911/dff1911/de10_lite_top.vhd Line: 41
    Warning (13033): The pin "ARDUINO_IO[14]" is fed by GND File: /home/lan/dev/fpga/de10/ce1911/dff1911/de10_lite_top.vhd Line: 41
    Warning (13033): The pin "ARDUINO_IO[15]" is fed by GND File: /home/lan/dev/fpga/de10/ce1911/dff1911/de10_lite_top.vhd Line: 41
    Warning (13033): The pin "ARDUINO_RESET_N" is fed by VCC File: /home/lan/dev/fpga/de10/ce1911/dff1911/de10_lite_top.vhd Line: 42
    Warning (13033): The pin "GPIO[0]" is fed by GND File: /home/lan/dev/fpga/de10/ce1911/dff1911/de10_lite_top.vhd Line: 44
    Warning (13033): The pin "GPIO[1]" is fed by GND File: /home/lan/dev/fpga/de10/ce1911/dff1911/de10_lite_top.vhd Line: 44
    Warning (13033): The pin "GPIO[2]" is fed by GND File: /home/lan/dev/fpga/de10/ce1911/dff1911/de10_lite_top.vhd Line: 44
    Warning (13033): The pin "GPIO[3]" is fed by GND File: /home/lan/dev/fpga/de10/ce1911/dff1911/de10_lite_top.vhd Line: 44
    Warning (13033): The pin "GPIO[4]" is fed by GND File: /home/lan/dev/fpga/de10/ce1911/dff1911/de10_lite_top.vhd Line: 44
    Warning (13033): The pin "GPIO[5]" is fed by GND File: /home/lan/dev/fpga/de10/ce1911/dff1911/de10_lite_top.vhd Line: 44
    Warning (13033): The pin "GPIO[6]" is fed by GND File: /home/lan/dev/fpga/de10/ce1911/dff1911/de10_lite_top.vhd Line: 44
    Warning (13033): The pin "GPIO[7]" is fed by GND File: /home/lan/dev/fpga/de10/ce1911/dff1911/de10_lite_top.vhd Line: 44
    Warning (13033): The pin "GPIO[8]" is fed by GND File: /home/lan/dev/fpga/de10/ce1911/dff1911/de10_lite_top.vhd Line: 44
    Warning (13033): The pin "GPIO[9]" is fed by GND File: /home/lan/dev/fpga/de10/ce1911/dff1911/de10_lite_top.vhd Line: 44
    Warning (13033): The pin "GPIO[10]" is fed by GND File: /home/lan/dev/fpga/de10/ce1911/dff1911/de10_lite_top.vhd Line: 44
    Warning (13033): The pin "GPIO[11]" is fed by GND File: /home/lan/dev/fpga/de10/ce1911/dff1911/de10_lite_top.vhd Line: 44
    Warning (13033): The pin "GPIO[12]" is fed by GND File: /home/lan/dev/fpga/de10/ce1911/dff1911/de10_lite_top.vhd Line: 44
    Warning (13033): The pin "GPIO[13]" is fed by GND File: /home/lan/dev/fpga/de10/ce1911/dff1911/de10_lite_top.vhd Line: 44
    Warning (13033): The pin "GPIO[14]" is fed by GND File: /home/lan/dev/fpga/de10/ce1911/dff1911/de10_lite_top.vhd Line: 44
    Warning (13033): The pin "GPIO[15]" is fed by GND File: /home/lan/dev/fpga/de10/ce1911/dff1911/de10_lite_top.vhd Line: 44
    Warning (13033): The pin "GPIO[16]" is fed by GND File: /home/lan/dev/fpga/de10/ce1911/dff1911/de10_lite_top.vhd Line: 44
    Warning (13033): The pin "GPIO[17]" is fed by GND File: /home/lan/dev/fpga/de10/ce1911/dff1911/de10_lite_top.vhd Line: 44
    Warning (13033): The pin "GPIO[18]" is fed by GND File: /home/lan/dev/fpga/de10/ce1911/dff1911/de10_lite_top.vhd Line: 44
    Warning (13033): The pin "GPIO[19]" is fed by GND File: /home/lan/dev/fpga/de10/ce1911/dff1911/de10_lite_top.vhd Line: 44
    Warning (13033): The pin "GPIO[20]" is fed by GND File: /home/lan/dev/fpga/de10/ce1911/dff1911/de10_lite_top.vhd Line: 44
    Warning (13033): The pin "GPIO[21]" is fed by GND File: /home/lan/dev/fpga/de10/ce1911/dff1911/de10_lite_top.vhd Line: 44
    Warning (13033): The pin "GPIO[22]" is fed by GND File: /home/lan/dev/fpga/de10/ce1911/dff1911/de10_lite_top.vhd Line: 44
    Warning (13033): The pin "GPIO[23]" is fed by GND File: /home/lan/dev/fpga/de10/ce1911/dff1911/de10_lite_top.vhd Line: 44
    Warning (13033): The pin "GPIO[24]" is fed by GND File: /home/lan/dev/fpga/de10/ce1911/dff1911/de10_lite_top.vhd Line: 44
    Warning (13033): The pin "GPIO[25]" is fed by GND File: /home/lan/dev/fpga/de10/ce1911/dff1911/de10_lite_top.vhd Line: 44
    Warning (13033): The pin "GPIO[26]" is fed by GND File: /home/lan/dev/fpga/de10/ce1911/dff1911/de10_lite_top.vhd Line: 44
    Warning (13033): The pin "GPIO[27]" is fed by GND File: /home/lan/dev/fpga/de10/ce1911/dff1911/de10_lite_top.vhd Line: 44
    Warning (13033): The pin "GPIO[28]" is fed by GND File: /home/lan/dev/fpga/de10/ce1911/dff1911/de10_lite_top.vhd Line: 44
    Warning (13033): The pin "GPIO[29]" is fed by GND File: /home/lan/dev/fpga/de10/ce1911/dff1911/de10_lite_top.vhd Line: 44
    Warning (13033): The pin "GPIO[30]" is fed by GND File: /home/lan/dev/fpga/de10/ce1911/dff1911/de10_lite_top.vhd Line: 44
    Warning (13033): The pin "GPIO[31]" is fed by GND File: /home/lan/dev/fpga/de10/ce1911/dff1911/de10_lite_top.vhd Line: 44
    Warning (13033): The pin "GPIO[32]" is fed by GND File: /home/lan/dev/fpga/de10/ce1911/dff1911/de10_lite_top.vhd Line: 44
    Warning (13033): The pin "GPIO[33]" is fed by GND File: /home/lan/dev/fpga/de10/ce1911/dff1911/de10_lite_top.vhd Line: 44
    Warning (13033): The pin "GPIO[34]" is fed by GND File: /home/lan/dev/fpga/de10/ce1911/dff1911/de10_lite_top.vhd Line: 44
    Warning (13033): The pin "GPIO[35]" is fed by GND File: /home/lan/dev/fpga/de10/ce1911/dff1911/de10_lite_top.vhd Line: 44
Warning (13009): TRI or OPNDRN buffers permanently enabled
    Warning (13010): Node "ARDUINO_RESET_N~synth" File: /home/lan/dev/fpga/de10/ce1911/dff1911/de10_lite_top.vhd Line: 42
Warning (13024): Output pins are stuck at VCC or GND
    Warning (13410): Pin "DRAM_ADDR[0]" is stuck at GND File: /home/lan/dev/fpga/de10/ce1911/dff1911/de10_lite_top.vhd Line: 13
    Warning (13410): Pin "DRAM_ADDR[1]" is stuck at GND File: /home/lan/dev/fpga/de10/ce1911/dff1911/de10_lite_top.vhd Line: 13
    Warning (13410): Pin "DRAM_ADDR[2]" is stuck at GND File: /home/lan/dev/fpga/de10/ce1911/dff1911/de10_lite_top.vhd Line: 13
    Warning (13410): Pin "DRAM_ADDR[3]" is stuck at GND File: /home/lan/dev/fpga/de10/ce1911/dff1911/de10_lite_top.vhd Line: 13
    Warning (13410): Pin "DRAM_ADDR[4]" is stuck at GND File: /home/lan/dev/fpga/de10/ce1911/dff1911/de10_lite_top.vhd Line: 13
    Warning (13410): Pin "DRAM_ADDR[5]" is stuck at GND File: /home/lan/dev/fpga/de10/ce1911/dff1911/de10_lite_top.vhd Line: 13
    Warning (13410): Pin "DRAM_ADDR[6]" is stuck at GND File: /home/lan/dev/fpga/de10/ce1911/dff1911/de10_lite_top.vhd Line: 13
    Warning (13410): Pin "DRAM_ADDR[7]" is stuck at GND File: /home/lan/dev/fpga/de10/ce1911/dff1911/de10_lite_top.vhd Line: 13
    Warning (13410): Pin "DRAM_ADDR[8]" is stuck at GND File: /home/lan/dev/fpga/de10/ce1911/dff1911/de10_lite_top.vhd Line: 13
    Warning (13410): Pin "DRAM_ADDR[9]" is stuck at GND File: /home/lan/dev/fpga/de10/ce1911/dff1911/de10_lite_top.vhd Line: 13
    Warning (13410): Pin "DRAM_ADDR[10]" is stuck at GND File: /home/lan/dev/fpga/de10/ce1911/dff1911/de10_lite_top.vhd Line: 13
    Warning (13410): Pin "DRAM_ADDR[11]" is stuck at GND File: /home/lan/dev/fpga/de10/ce1911/dff1911/de10_lite_top.vhd Line: 13
    Warning (13410): Pin "DRAM_ADDR[12]" is stuck at GND File: /home/lan/dev/fpga/de10/ce1911/dff1911/de10_lite_top.vhd Line: 13
    Warning (13410): Pin "DRAM_BA[0]" is stuck at VCC File: /home/lan/dev/fpga/de10/ce1911/dff1911/de10_lite_top.vhd Line: 14
    Warning (13410): Pin "DRAM_BA[1]" is stuck at VCC File: /home/lan/dev/fpga/de10/ce1911/dff1911/de10_lite_top.vhd Line: 14
    Warning (13410): Pin "DRAM_CAS_N" is stuck at VCC File: /home/lan/dev/fpga/de10/ce1911/dff1911/de10_lite_top.vhd Line: 15
    Warning (13410): Pin "DRAM_CKE" is stuck at VCC File: /home/lan/dev/fpga/de10/ce1911/dff1911/de10_lite_top.vhd Line: 16
    Warning (13410): Pin "DRAM_CLK" is stuck at VCC File: /home/lan/dev/fpga/de10/ce1911/dff1911/de10_lite_top.vhd Line: 17
    Warning (13410): Pin "DRAM_CS_N" is stuck at VCC File: /home/lan/dev/fpga/de10/ce1911/dff1911/de10_lite_top.vhd Line: 18
    Warning (13410): Pin "DRAM_LDQM" is stuck at VCC File: /home/lan/dev/fpga/de10/ce1911/dff1911/de10_lite_top.vhd Line: 20
    Warning (13410): Pin "DRAM_UDQM" is stuck at VCC File: /home/lan/dev/fpga/de10/ce1911/dff1911/de10_lite_top.vhd Line: 21
    Warning (13410): Pin "DRAM_RAS_N" is stuck at VCC File: /home/lan/dev/fpga/de10/ce1911/dff1911/de10_lite_top.vhd Line: 22
    Warning (13410): Pin "DRAM_WE_N" is stuck at VCC File: /home/lan/dev/fpga/de10/ce1911/dff1911/de10_lite_top.vhd Line: 23
    Warning (13410): Pin "HEX0[7]" is stuck at VCC File: /home/lan/dev/fpga/de10/ce1911/dff1911/de10_lite_top.vhd Line: 25
    Warning (13410): Pin "HEX1[7]" is stuck at VCC File: /home/lan/dev/fpga/de10/ce1911/dff1911/de10_lite_top.vhd Line: 25
    Warning (13410): Pin "HEX2[7]" is stuck at VCC File: /home/lan/dev/fpga/de10/ce1911/dff1911/de10_lite_top.vhd Line: 25
    Warning (13410): Pin "HEX3[7]" is stuck at VCC File: /home/lan/dev/fpga/de10/ce1911/dff1911/de10_lite_top.vhd Line: 26
    Warning (13410): Pin "HEX4[7]" is stuck at VCC File: /home/lan/dev/fpga/de10/ce1911/dff1911/de10_lite_top.vhd Line: 26
    Warning (13410): Pin "HEX5[7]" is stuck at VCC File: /home/lan/dev/fpga/de10/ce1911/dff1911/de10_lite_top.vhd Line: 26
    Warning (13410): Pin "LEDR[0]" is stuck at GND File: /home/lan/dev/fpga/de10/ce1911/dff1911/de10_lite_top.vhd Line: 30
    Warning (13410): Pin "LEDR[1]" is stuck at GND File: /home/lan/dev/fpga/de10/ce1911/dff1911/de10_lite_top.vhd Line: 30
    Warning (13410): Pin "LEDR[2]" is stuck at GND File: /home/lan/dev/fpga/de10/ce1911/dff1911/de10_lite_top.vhd Line: 30
    Warning (13410): Pin "LEDR[3]" is stuck at GND File: /home/lan/dev/fpga/de10/ce1911/dff1911/de10_lite_top.vhd Line: 30
    Warning (13410): Pin "LEDR[4]" is stuck at GND File: /home/lan/dev/fpga/de10/ce1911/dff1911/de10_lite_top.vhd Line: 30
    Warning (13410): Pin "LEDR[5]" is stuck at GND File: /home/lan/dev/fpga/de10/ce1911/dff1911/de10_lite_top.vhd Line: 30
    Warning (13410): Pin "LEDR[6]" is stuck at GND File: /home/lan/dev/fpga/de10/ce1911/dff1911/de10_lite_top.vhd Line: 30
    Warning (13410): Pin "LEDR[7]" is stuck at GND File: /home/lan/dev/fpga/de10/ce1911/dff1911/de10_lite_top.vhd Line: 30
    Warning (13410): Pin "LEDR[8]" is stuck at GND File: /home/lan/dev/fpga/de10/ce1911/dff1911/de10_lite_top.vhd Line: 30
    Warning (13410): Pin "LEDR[9]" is stuck at GND File: /home/lan/dev/fpga/de10/ce1911/dff1911/de10_lite_top.vhd Line: 30
    Warning (13410): Pin "VGA_B[0]" is stuck at GND File: /home/lan/dev/fpga/de10/ce1911/dff1911/de10_lite_top.vhd Line: 32
    Warning (13410): Pin "VGA_B[1]" is stuck at GND File: /home/lan/dev/fpga/de10/ce1911/dff1911/de10_lite_top.vhd Line: 32
    Warning (13410): Pin "VGA_B[2]" is stuck at GND File: /home/lan/dev/fpga/de10/ce1911/dff1911/de10_lite_top.vhd Line: 32
    Warning (13410): Pin "VGA_B[3]" is stuck at GND File: /home/lan/dev/fpga/de10/ce1911/dff1911/de10_lite_top.vhd Line: 32
    Warning (13410): Pin "VGA_G[0]" is stuck at GND File: /home/lan/dev/fpga/de10/ce1911/dff1911/de10_lite_top.vhd Line: 32
    Warning (13410): Pin "VGA_G[1]" is stuck at GND File: /home/lan/dev/fpga/de10/ce1911/dff1911/de10_lite_top.vhd Line: 32
    Warning (13410): Pin "VGA_G[2]" is stuck at GND File: /home/lan/dev/fpga/de10/ce1911/dff1911/de10_lite_top.vhd Line: 32
    Warning (13410): Pin "VGA_G[3]" is stuck at GND File: /home/lan/dev/fpga/de10/ce1911/dff1911/de10_lite_top.vhd Line: 32
    Warning (13410): Pin "VGA_R[0]" is stuck at GND File: /home/lan/dev/fpga/de10/ce1911/dff1911/de10_lite_top.vhd Line: 32
    Warning (13410): Pin "VGA_R[1]" is stuck at GND File: /home/lan/dev/fpga/de10/ce1911/dff1911/de10_lite_top.vhd Line: 32
    Warning (13410): Pin "VGA_R[2]" is stuck at GND File: /home/lan/dev/fpga/de10/ce1911/dff1911/de10_lite_top.vhd Line: 32
    Warning (13410): Pin "VGA_R[3]" is stuck at GND File: /home/lan/dev/fpga/de10/ce1911/dff1911/de10_lite_top.vhd Line: 32
    Warning (13410): Pin "VGA_HS" is stuck at GND File: /home/lan/dev/fpga/de10/ce1911/dff1911/de10_lite_top.vhd Line: 33
    Warning (13410): Pin "VGA_VS" is stuck at GND File: /home/lan/dev/fpga/de10/ce1911/dff1911/de10_lite_top.vhd Line: 33
    Warning (13410): Pin "GSENSOR_CS_N" is stuck at GND File: /home/lan/dev/fpga/de10/ce1911/dff1911/de10_lite_top.vhd Line: 35
    Warning (13410): Pin "GSENSOR_SCLK" is stuck at GND File: /home/lan/dev/fpga/de10/ce1911/dff1911/de10_lite_top.vhd Line: 37
Info (286030): Timing-Driven Synthesis is running
Info (16010): Generating hard_block partition "hard_block:auto_generated_inst"
    Info (16011): Adding 0 node(s), including 0 DDIO, 0 PLL, 0 transceiver and 0 LCELL
Warning (21074): Design contains 16 input pin(s) that do not drive logic
    Warning (15610): No output dependent on input pin "ADC_CLK_10" File: /home/lan/dev/fpga/de10/ce1911/dff1911/de10_lite_top.vhd Line: 9
    Warning (15610): No output dependent on input pin "MAX10_CLK2_50" File: /home/lan/dev/fpga/de10/ce1911/dff1911/de10_lite_top.vhd Line: 11
    Warning (15610): No output dependent on input pin "KEY[0]" File: /home/lan/dev/fpga/de10/ce1911/dff1911/de10_lite_top.vhd Line: 28
    Warning (15610): No output dependent on input pin "KEY[1]" File: /home/lan/dev/fpga/de10/ce1911/dff1911/de10_lite_top.vhd Line: 28
    Warning (15610): No output dependent on input pin "SW[0]" File: /home/lan/dev/fpga/de10/ce1911/dff1911/de10_lite_top.vhd Line: 29
    Warning (15610): No output dependent on input pin "SW[1]" File: /home/lan/dev/fpga/de10/ce1911/dff1911/de10_lite_top.vhd Line: 29
    Warning (15610): No output dependent on input pin "SW[2]" File: /home/lan/dev/fpga/de10/ce1911/dff1911/de10_lite_top.vhd Line: 29
    Warning (15610): No output dependent on input pin "SW[3]" File: /home/lan/dev/fpga/de10/ce1911/dff1911/de10_lite_top.vhd Line: 29
    Warning (15610): No output dependent on input pin "SW[4]" File: /home/lan/dev/fpga/de10/ce1911/dff1911/de10_lite_top.vhd Line: 29
    Warning (15610): No output dependent on input pin "SW[5]" File: /home/lan/dev/fpga/de10/ce1911/dff1911/de10_lite_top.vhd Line: 29
    Warning (15610): No output dependent on input pin "SW[6]" File: /home/lan/dev/fpga/de10/ce1911/dff1911/de10_lite_top.vhd Line: 29
    Warning (15610): No output dependent on input pin "SW[7]" File: /home/lan/dev/fpga/de10/ce1911/dff1911/de10_lite_top.vhd Line: 29
    Warning (15610): No output dependent on input pin "SW[8]" File: /home/lan/dev/fpga/de10/ce1911/dff1911/de10_lite_top.vhd Line: 29
    Warning (15610): No output dependent on input pin "SW[9]" File: /home/lan/dev/fpga/de10/ce1911/dff1911/de10_lite_top.vhd Line: 29
    Warning (15610): No output dependent on input pin "GSENSOR_INT[1]" File: /home/lan/dev/fpga/de10/ce1911/dff1911/de10_lite_top.vhd Line: 36
    Warning (15610): No output dependent on input pin "GSENSOR_INT[2]" File: /home/lan/dev/fpga/de10/ce1911/dff1911/de10_lite_top.vhd Line: 36
Info (21057): Implemented 290 device resources after synthesis - the final resource count might be different
    Info (21058): Implemented 17 input pins
    Info (21059): Implemented 97 output pins
    Info (21060): Implemented 71 bidirectional pins
    Info (21061): Implemented 105 logic cells
Info: Quartus Prime Analysis & Synthesis was successful. 0 errors, 133 warnings
    Info: Peak virtual memory: 966 megabytes
    Info: Processing ended: Tue Jan 21 23:13:10 2020
    Info: Elapsed time: 00:00:12
    Info: Total CPU time (on all processors): 00:00:23


